2025-07-30 13:38:32,604 DEBUG    root            Loaded Command Group: ['gcloud', 'components']
2025-07-30 13:38:32,606 DEBUG    root            Loaded Command Group: ['gcloud', 'components', 'update']
2025-07-30 13:38:32,608 DEBUG    root            Running [gcloud.components.update] with arguments: [--quiet: "True", COMPONENT-IDS:8: "['gcloud', 'core', 'bq', 'gsutil', 'compute', 'preview', 'alpha', 'beta']"]
2025-07-30 13:38:32,609 INFO     ___FILE_ONLY___ Beginning update. This process may take several minutes.

2025-07-30 13:38:32,618 DEBUG    urllib3.connectionpool Starting new HTTPS connection (1): dl.google.com:443
2025-07-30 13:38:32,829 DEBUG    urllib3.connectionpool https://dl.google.com:443 "GET /dl/cloudsdk/channels/rapid/components-2.json HTTP/11" 200 239806
2025-07-30 13:38:32,843 WARNING  root            Component [compute] no longer exists.
2025-07-30 13:38:32,844 INFO     ___FILE_ONLY___ 

2025-07-30 13:38:32,844 INFO     ___FILE_ONLY___ 
Your current Google Cloud CLI version is: 532.0.0

2025-07-30 13:38:32,844 INFO     ___FILE_ONLY___ Installing components from version: 532.0.0

2025-07-30 13:38:32,844 INFO     ___FILE_ONLY___ 

2025-07-30 13:38:32,845 DEBUG    root            Chosen display Format:table[box,title="These components will be removed."](details.display_name:label=Name:align=left,version.version_string:label=Version:align=right,data.size.size(zero="",min=1048576):label=Size:align=right)
2025-07-30 13:38:32,845 DEBUG    root            Chosen display Format:table[box,title="These components will be updated."](details.display_name:label=Name:align=left,version.version_string:label=Version:align=right,data.size.size(zero="",min=1048576):label=Size:align=right)
2025-07-30 13:38:32,846 DEBUG    root            Chosen display Format:table[box,title="These components will be installed."](details.display_name:label=Name:align=left,version.version_string:label=Version:align=right,data.size.size(zero="",min=1048576):label=Size:align=right)
2025-07-30 13:38:32,860 INFO     ___FILE_ONLY___ ┌────────────────────────────────────────────────┐
2025-07-30 13:38:32,860 INFO     ___FILE_ONLY___ 

2025-07-30 13:38:32,860 INFO     ___FILE_ONLY___ │      These components will be installed.       │
2025-07-30 13:38:32,860 INFO     ___FILE_ONLY___ 

2025-07-30 13:38:32,860 INFO     ___FILE_ONLY___ ├─────────────────────────┬────────────┬─────────┤
2025-07-30 13:38:32,860 INFO     ___FILE_ONLY___ 

2025-07-30 13:38:32,860 INFO     ___FILE_ONLY___ │           Name          │  Version   │   Size  │
2025-07-30 13:38:32,860 INFO     ___FILE_ONLY___ 

2025-07-30 13:38:32,860 INFO     ___FILE_ONLY___ ├─────────────────────────┼────────────┼─────────┤
2025-07-30 13:38:32,860 INFO     ___FILE_ONLY___ 

2025-07-30 13:38:32,860 INFO     ___FILE_ONLY___ │ 
2025-07-30 13:38:32,860 INFO     ___FILE_ONLY___ gcloud Alpha Commands  
2025-07-30 13:38:32,860 INFO     ___FILE_ONLY___  
2025-07-30 13:38:32,860 INFO     ___FILE_ONLY___ │ 
2025-07-30 13:38:32,860 INFO     ___FILE_ONLY___ 2025.07.25
2025-07-30 13:38:32,860 INFO     ___FILE_ONLY___  
2025-07-30 13:38:32,861 INFO     ___FILE_ONLY___ │ 
2025-07-30 13:38:32,861 INFO     ___FILE_ONLY___ < 1 MiB
2025-07-30 13:38:32,861 INFO     ___FILE_ONLY___  
2025-07-30 13:38:32,861 INFO     ___FILE_ONLY___ │
2025-07-30 13:38:32,861 INFO     ___FILE_ONLY___ 

2025-07-30 13:38:32,861 INFO     ___FILE_ONLY___ │ 
2025-07-30 13:38:32,861 INFO     ___FILE_ONLY___ gcloud Beta Commands   
2025-07-30 13:38:32,861 INFO     ___FILE_ONLY___  
2025-07-30 13:38:32,861 INFO     ___FILE_ONLY___ │ 
2025-07-30 13:38:32,861 INFO     ___FILE_ONLY___ 2025.07.25
2025-07-30 13:38:32,861 INFO     ___FILE_ONLY___  
2025-07-30 13:38:32,861 INFO     ___FILE_ONLY___ │ 
2025-07-30 13:38:32,861 INFO     ___FILE_ONLY___ < 1 MiB
2025-07-30 13:38:32,861 INFO     ___FILE_ONLY___  
2025-07-30 13:38:32,861 INFO     ___FILE_ONLY___ │
2025-07-30 13:38:32,861 INFO     ___FILE_ONLY___ 

2025-07-30 13:38:32,861 INFO     ___FILE_ONLY___ │ 
2025-07-30 13:38:32,861 INFO     ___FILE_ONLY___ gcloud Preview Commands
2025-07-30 13:38:32,861 INFO     ___FILE_ONLY___  
2025-07-30 13:38:32,861 INFO     ___FILE_ONLY___ │ 
2025-07-30 13:38:32,861 INFO     ___FILE_ONLY___           
2025-07-30 13:38:32,862 INFO     ___FILE_ONLY___  
2025-07-30 13:38:32,862 INFO     ___FILE_ONLY___ │ 
2025-07-30 13:38:32,862 INFO     ___FILE_ONLY___ < 1 MiB
2025-07-30 13:38:32,862 INFO     ___FILE_ONLY___  
2025-07-30 13:38:32,862 INFO     ___FILE_ONLY___ │
2025-07-30 13:38:32,862 INFO     ___FILE_ONLY___ 

2025-07-30 13:38:32,862 INFO     ___FILE_ONLY___ └─────────────────────────┴────────────┴─────────┘
2025-07-30 13:38:32,862 INFO     ___FILE_ONLY___ 

2025-07-30 13:38:32,862 INFO     ___FILE_ONLY___ 

2025-07-30 13:38:32,865 DEBUG    urllib3.connectionpool Starting new HTTPS connection (1): dl.google.com:443
2025-07-30 13:38:33,075 DEBUG    urllib3.connectionpool https://dl.google.com:443 "GET /dl/cloudsdk/channels/rapid/RELEASE_NOTES HTTP/11" 200 1460539
2025-07-30 13:38:33,542 INFO     ___FILE_ONLY___ For the latest full release notes, please visit:
  https://cloud.google.com/sdk/release_notes


2025-07-30 13:38:33,543 INFO     ___FILE_ONLY___ Performing in place update...


2025-07-30 13:38:33,545 INFO     ___FILE_ONLY___ ╔════════════════════════════════════════════════════════════╗

2025-07-30 13:38:33,545 INFO     ___FILE_ONLY___ ╠═ Downloading: gcloud Alpha Commands                       ═╣

2025-07-30 13:38:33,545 INFO     ___FILE_ONLY___ ╚
2025-07-30 13:38:33,548 DEBUG    urllib3.connectionpool Starting new HTTPS connection (1): dl.google.com:443
2025-07-30 13:38:33,591 DEBUG    urllib3.connectionpool https://dl.google.com:443 "GET /dl/cloudsdk/channels/rapid/components/google-cloud-sdk-alpha-20250725161220.tar.gz HTTP/11" 200 800
2025-07-30 13:38:33,592 INFO     ___FILE_ONLY___ ════════════════════════════════════════════════════════════
2025-07-30 13:38:33,592 INFO     ___FILE_ONLY___ ╝

2025-07-30 13:38:33,594 INFO     ___FILE_ONLY___ ╔════════════════════════════════════════════════════════════╗

2025-07-30 13:38:33,594 INFO     ___FILE_ONLY___ ╠═ Downloading: gcloud Beta Commands                        ═╣

2025-07-30 13:38:33,594 INFO     ___FILE_ONLY___ ╚
2025-07-30 13:38:33,597 DEBUG    urllib3.connectionpool Starting new HTTPS connection (1): dl.google.com:443
2025-07-30 13:38:33,808 DEBUG    urllib3.connectionpool https://dl.google.com:443 "GET /dl/cloudsdk/channels/rapid/components/google-cloud-sdk-beta-20250725161220.tar.gz HTTP/11" 200 797
2025-07-30 13:38:33,809 INFO     ___FILE_ONLY___ ════════════════════════════════════════════════════════════
2025-07-30 13:38:33,809 INFO     ___FILE_ONLY___ ╝

2025-07-30 13:38:33,811 INFO     ___FILE_ONLY___ ╔════════════════════════════════════════════════════════════╗

2025-07-30 13:38:33,811 INFO     ___FILE_ONLY___ ╠═ Downloading: gcloud Preview Commands                     ═╣

2025-07-30 13:38:33,811 INFO     ___FILE_ONLY___ ╚
2025-07-30 13:38:33,814 DEBUG    urllib3.connectionpool Starting new HTTPS connection (1): dl.google.com:443
2025-07-30 13:38:34,053 DEBUG    urllib3.connectionpool https://dl.google.com:443 "GET /dl/cloudsdk/channels/rapid/components/google-cloud-sdk-preview-20241115154308.tar.gz HTTP/11" 200 823
2025-07-30 13:38:34,053 INFO     ___FILE_ONLY___ ════════════════════════════════════════════════════════════
2025-07-30 13:38:34,053 INFO     ___FILE_ONLY___ ╝

2025-07-30 13:38:34,055 INFO     ___FILE_ONLY___ ╔════════════════════════════════════════════════════════════╗

2025-07-30 13:38:34,055 INFO     ___FILE_ONLY___ ╠═ Installing: gcloud Alpha Commands                        ═╣

2025-07-30 13:38:34,056 INFO     ___FILE_ONLY___ ╚
2025-07-30 13:38:34,056 INFO     ___FILE_ONLY___ ════════════════════════════════════════════════════════════
2025-07-30 13:38:34,057 INFO     ___FILE_ONLY___ ╝

2025-07-30 13:38:34,063 INFO     ___FILE_ONLY___ ╔════════════════════════════════════════════════════════════╗

2025-07-30 13:38:34,063 INFO     ___FILE_ONLY___ ╠═ Installing: gcloud Beta Commands                         ═╣

2025-07-30 13:38:34,063 INFO     ___FILE_ONLY___ ╚
2025-07-30 13:38:34,064 INFO     ___FILE_ONLY___ ════════════════════════════════════════════════════════════
2025-07-30 13:38:34,064 INFO     ___FILE_ONLY___ ╝

2025-07-30 13:38:34,068 INFO     ___FILE_ONLY___ ╔════════════════════════════════════════════════════════════╗

2025-07-30 13:38:34,068 INFO     ___FILE_ONLY___ ╠═ Installing: gcloud Preview Commands                      ═╣

2025-07-30 13:38:34,068 INFO     ___FILE_ONLY___ ╚
2025-07-30 13:38:34,069 INFO     ___FILE_ONLY___ ════════════════════════════════════════════════════════════
2025-07-30 13:38:34,069 INFO     ___FILE_ONLY___ ╝

2025-07-30 13:38:34,074 DEBUG    root            Updating notification cache...
2025-07-30 13:38:34,075 INFO     ___FILE_ONLY___ 

2025-07-30 13:38:34,076 INFO     ___FILE_ONLY___ Performing post processing steps...
2025-07-30 13:38:34,077 DEBUG    root            Executing command: ['/tools/google-cloud-sdk/bin/gcloud', 'components', 'post-process']
2025-07-30 13:38:43,081 DEBUG    ___FILE_ONLY___ 
2025-07-30 13:38:43,082 DEBUG    ___FILE_ONLY___ 
2025-07-30 13:38:43,091 INFO     root            descriptor_list: [{'universeDomain': 'googleapis.com', 'universeShortName': '', 'authenticationDomain': 'auth.cloud.google.com', 'projectPrefix': '', 'cloudWebDomain': 'cloud.google.com', 'documentationDomain': 'cloud.google.com', 'version': '1.0.0', 'state': 'primary', 'artifactRegistryDomain': 'pkg.dev'}]
2025-07-30 13:38:43,091 INFO     ___FILE_ONLY___ 
Update done!


2025-07-30 13:38:43,093 DEBUG    root            Chosen display Format:none
2025-07-30 13:38:43,094 INFO     root            Display format: "none"
