2025-07-30 13:38:13,055 DEBUG    root            Loaded Command Group: ['gcloud', 'components']
2025-07-30 13:38:13,059 DEBUG    root            Loaded Command Group: ['gcloud', 'components', 'update']
2025-07-30 13:38:13,061 DEBUG    root            Running [gcloud.components.update] with arguments: [--compile-python: "True", --quiet: "True", COMPONENT-IDS:6: "['core', 'gcloud-deps', 'bq', 'gcloud', 'gcloud-crc32c', 'gsutil']"]
2025-07-30 13:38:13,062 INFO     ___FILE_ONLY___ Beginning update. This process may take several minutes.

2025-07-30 13:38:13,095 DEBUG    urllib3.connectionpool Starting new HTTPS connection (1): dl.google.com:443
2025-07-30 13:38:13,301 DEBUG    urllib3.connectionpool https://dl.google.com:443 "GET /dl/cloudsdk/channels/rapid/components-2.json HTTP/11" 200 239806
2025-07-30 13:38:13,312 INFO     ___FILE_ONLY___ 

2025-07-30 13:38:13,313 INFO     ___FILE_ONLY___ 
Your current Google Cloud CLI version is: 532.0.0

2025-07-30 13:38:13,313 INFO     ___FILE_ONLY___ Installing components from version: 532.0.0

2025-07-30 13:38:13,313 INFO     ___FILE_ONLY___ 

2025-07-30 13:38:13,313 DEBUG    root            Chosen display Format:table[box,title="These components will be removed."](details.display_name:label=Name:align=left,version.version_string:label=Version:align=right,data.size.size(zero="",min=1048576):label=Size:align=right)
2025-07-30 13:38:13,314 DEBUG    root            Chosen display Format:table[box,title="These components will be updated."](details.display_name:label=Name:align=left,version.version_string:label=Version:align=right,data.size.size(zero="",min=1048576):label=Size:align=right)
2025-07-30 13:38:13,314 DEBUG    root            Chosen display Format:table[box,title="These components will be installed."](details.display_name:label=Name:align=left,version.version_string:label=Version:align=right,data.size.size(zero="",min=1048576):label=Size:align=right)
2025-07-30 13:38:13,351 INFO     ___FILE_ONLY___ ┌─────────────────────────────────────────────────────────────────────────────┐
2025-07-30 13:38:13,351 INFO     ___FILE_ONLY___ 

2025-07-30 13:38:13,351 INFO     ___FILE_ONLY___ │                     These components will be installed.                     │
2025-07-30 13:38:13,351 INFO     ___FILE_ONLY___ 

2025-07-30 13:38:13,351 INFO     ___FILE_ONLY___ ├─────────────────────────────────────────────────────┬────────────┬──────────┤
2025-07-30 13:38:13,352 INFO     ___FILE_ONLY___ 

2025-07-30 13:38:13,352 INFO     ___FILE_ONLY___ │                         Name                        │  Version   │   Size   │
2025-07-30 13:38:13,352 INFO     ___FILE_ONLY___ 

2025-07-30 13:38:13,352 INFO     ___FILE_ONLY___ ├─────────────────────────────────────────────────────┼────────────┼──────────┤
2025-07-30 13:38:13,352 INFO     ___FILE_ONLY___ 

2025-07-30 13:38:13,352 INFO     ___FILE_ONLY___ │ 
2025-07-30 13:38:13,352 INFO     ___FILE_ONLY___ BigQuery Command Line Tool                         
2025-07-30 13:38:13,352 INFO     ___FILE_ONLY___  
2025-07-30 13:38:13,352 INFO     ___FILE_ONLY___ │ 
2025-07-30 13:38:13,352 INFO     ___FILE_ONLY___     2.1.21
2025-07-30 13:38:13,352 INFO     ___FILE_ONLY___  
2025-07-30 13:38:13,352 INFO     ___FILE_ONLY___ │ 
2025-07-30 13:38:13,352 INFO     ___FILE_ONLY___  1.8 MiB
2025-07-30 13:38:13,352 INFO     ___FILE_ONLY___  
2025-07-30 13:38:13,352 INFO     ___FILE_ONLY___ │
2025-07-30 13:38:13,352 INFO     ___FILE_ONLY___ 

2025-07-30 13:38:13,352 INFO     ___FILE_ONLY___ │ 
2025-07-30 13:38:13,352 INFO     ___FILE_ONLY___ BigQuery Command Line Tool (Platform Specific)     
2025-07-30 13:38:13,352 INFO     ___FILE_ONLY___  
2025-07-30 13:38:13,352 INFO     ___FILE_ONLY___ │ 
2025-07-30 13:38:13,352 INFO     ___FILE_ONLY___     2.1.17
2025-07-30 13:38:13,353 INFO     ___FILE_ONLY___  
2025-07-30 13:38:13,353 INFO     ___FILE_ONLY___ │ 
2025-07-30 13:38:13,353 INFO     ___FILE_ONLY___  < 1 MiB
2025-07-30 13:38:13,353 INFO     ___FILE_ONLY___  
2025-07-30 13:38:13,353 INFO     ___FILE_ONLY___ │
2025-07-30 13:38:13,353 INFO     ___FILE_ONLY___ 

2025-07-30 13:38:13,353 INFO     ___FILE_ONLY___ │ 
2025-07-30 13:38:13,353 INFO     ___FILE_ONLY___ Bundled Python 3.12 (Platform Specific)            
2025-07-30 13:38:13,353 INFO     ___FILE_ONLY___  
2025-07-30 13:38:13,353 INFO     ___FILE_ONLY___ │ 
2025-07-30 13:38:13,353 INFO     ___FILE_ONLY___     3.12.9
2025-07-30 13:38:13,353 INFO     ___FILE_ONLY___  
2025-07-30 13:38:13,353 INFO     ___FILE_ONLY___ │ 
2025-07-30 13:38:13,353 INFO     ___FILE_ONLY___ 89.3 MiB
2025-07-30 13:38:13,353 INFO     ___FILE_ONLY___  
2025-07-30 13:38:13,353 INFO     ___FILE_ONLY___ │
2025-07-30 13:38:13,353 INFO     ___FILE_ONLY___ 

2025-07-30 13:38:13,353 INFO     ___FILE_ONLY___ │ 
2025-07-30 13:38:13,353 INFO     ___FILE_ONLY___ Cloud Storage Command Line Tool                    
2025-07-30 13:38:13,353 INFO     ___FILE_ONLY___  
2025-07-30 13:38:13,353 INFO     ___FILE_ONLY___ │ 
2025-07-30 13:38:13,353 INFO     ___FILE_ONLY___       5.35
2025-07-30 13:38:13,354 INFO     ___FILE_ONLY___  
2025-07-30 13:38:13,354 INFO     ___FILE_ONLY___ │ 
2025-07-30 13:38:13,354 INFO     ___FILE_ONLY___ 12.4 MiB
2025-07-30 13:38:13,354 INFO     ___FILE_ONLY___  
2025-07-30 13:38:13,354 INFO     ___FILE_ONLY___ │
2025-07-30 13:38:13,354 INFO     ___FILE_ONLY___ 

2025-07-30 13:38:13,354 INFO     ___FILE_ONLY___ │ 
2025-07-30 13:38:13,354 INFO     ___FILE_ONLY___ Cloud Storage Command Line Tool (Platform Specific)
2025-07-30 13:38:13,354 INFO     ___FILE_ONLY___  
2025-07-30 13:38:13,354 INFO     ___FILE_ONLY___ │ 
2025-07-30 13:38:13,354 INFO     ___FILE_ONLY___       5.34
2025-07-30 13:38:13,354 INFO     ___FILE_ONLY___  
2025-07-30 13:38:13,354 INFO     ___FILE_ONLY___ │ 
2025-07-30 13:38:13,354 INFO     ___FILE_ONLY___  < 1 MiB
2025-07-30 13:38:13,354 INFO     ___FILE_ONLY___  
2025-07-30 13:38:13,354 INFO     ___FILE_ONLY___ │
2025-07-30 13:38:13,354 INFO     ___FILE_ONLY___ 

2025-07-30 13:38:13,354 INFO     ___FILE_ONLY___ │ 
2025-07-30 13:38:13,354 INFO     ___FILE_ONLY___ Google Cloud CLI Core Libraries (Platform Specific)
2025-07-30 13:38:13,354 INFO     ___FILE_ONLY___  
2025-07-30 13:38:13,354 INFO     ___FILE_ONLY___ │ 
2025-07-30 13:38:13,354 INFO     ___FILE_ONLY___ 2025.05.23
2025-07-30 13:38:13,355 INFO     ___FILE_ONLY___  
2025-07-30 13:38:13,355 INFO     ___FILE_ONLY___ │ 
2025-07-30 13:38:13,355 INFO     ___FILE_ONLY___  < 1 MiB
2025-07-30 13:38:13,355 INFO     ___FILE_ONLY___  
2025-07-30 13:38:13,355 INFO     ___FILE_ONLY___ │
2025-07-30 13:38:13,355 INFO     ___FILE_ONLY___ 

2025-07-30 13:38:13,355 INFO     ___FILE_ONLY___ │ 
2025-07-30 13:38:13,355 INFO     ___FILE_ONLY___ Google Cloud CRC32C Hash Tool (Platform Specific)  
2025-07-30 13:38:13,355 INFO     ___FILE_ONLY___  
2025-07-30 13:38:13,355 INFO     ___FILE_ONLY___ │ 
2025-07-30 13:38:13,355 INFO     ___FILE_ONLY___      1.0.0
2025-07-30 13:38:13,355 INFO     ___FILE_ONLY___  
2025-07-30 13:38:13,355 INFO     ___FILE_ONLY___ │ 
2025-07-30 13:38:13,355 INFO     ___FILE_ONLY___  1.5 MiB
2025-07-30 13:38:13,355 INFO     ___FILE_ONLY___  
2025-07-30 13:38:13,356 INFO     ___FILE_ONLY___ │
2025-07-30 13:38:13,356 INFO     ___FILE_ONLY___ 

2025-07-30 13:38:13,356 INFO     ___FILE_ONLY___ │ 
2025-07-30 13:38:13,356 INFO     ___FILE_ONLY___ gcloud cli dependencies (Platform Specific)        
2025-07-30 13:38:13,356 INFO     ___FILE_ONLY___  
2025-07-30 13:38:13,356 INFO     ___FILE_ONLY___ │ 
2025-07-30 13:38:13,356 INFO     ___FILE_ONLY___ 2021.04.16
2025-07-30 13:38:13,356 INFO     ___FILE_ONLY___  
2025-07-30 13:38:13,356 INFO     ___FILE_ONLY___ │ 
2025-07-30 13:38:13,356 INFO     ___FILE_ONLY___  < 1 MiB
2025-07-30 13:38:13,356 INFO     ___FILE_ONLY___  
2025-07-30 13:38:13,356 INFO     ___FILE_ONLY___ │
2025-07-30 13:38:13,356 INFO     ___FILE_ONLY___ 

2025-07-30 13:38:13,356 INFO     ___FILE_ONLY___ └─────────────────────────────────────────────────────┴────────────┴──────────┘
2025-07-30 13:38:13,356 INFO     ___FILE_ONLY___ 

2025-07-30 13:38:13,356 INFO     ___FILE_ONLY___ 

2025-07-30 13:38:13,360 DEBUG    urllib3.connectionpool Starting new HTTPS connection (1): dl.google.com:443
2025-07-30 13:38:13,565 DEBUG    urllib3.connectionpool https://dl.google.com:443 "GET /dl/cloudsdk/channels/rapid/RELEASE_NOTES HTTP/11" 200 1460539
2025-07-30 13:38:14,049 INFO     ___FILE_ONLY___ For the latest full release notes, please visit:
  https://cloud.google.com/sdk/release_notes


2025-07-30 13:38:14,050 INFO     ___FILE_ONLY___ Performing in place update...


2025-07-30 13:38:14,052 INFO     ___FILE_ONLY___ ╔════════════════════════════════════════════════════════════╗

2025-07-30 13:38:14,052 INFO     ___FILE_ONLY___ ╠═ Downloading: BigQuery Command Line Tool                  ═╣

2025-07-30 13:38:14,052 INFO     ___FILE_ONLY___ ╚
2025-07-30 13:38:14,055 DEBUG    urllib3.connectionpool Starting new HTTPS connection (1): dl.google.com:443
2025-07-30 13:38:14,266 DEBUG    urllib3.connectionpool https://dl.google.com:443 "GET /dl/cloudsdk/channels/rapid/components/google-cloud-sdk-bq-20250725161220.tar.gz HTTP/11" 200 1856362
2025-07-30 13:38:14,278 INFO     ___FILE_ONLY___ ═
2025-07-30 13:38:14,278 INFO     ___FILE_ONLY___ ═
2025-07-30 13:38:14,278 INFO     ___FILE_ONLY___ ═
2025-07-30 13:38:14,279 INFO     ___FILE_ONLY___ ═
2025-07-30 13:38:14,279 INFO     ___FILE_ONLY___ ═
2025-07-30 13:38:14,279 INFO     ___FILE_ONLY___ ═
2025-07-30 13:38:14,279 INFO     ___FILE_ONLY___ ═
2025-07-30 13:38:14,279 INFO     ___FILE_ONLY___ ═
2025-07-30 13:38:14,279 INFO     ___FILE_ONLY___ ═
2025-07-30 13:38:14,279 INFO     ___FILE_ONLY___ ═
2025-07-30 13:38:14,279 INFO     ___FILE_ONLY___ ═
2025-07-30 13:38:14,279 INFO     ___FILE_ONLY___ ═
2025-07-30 13:38:14,279 INFO     ___FILE_ONLY___ ═
2025-07-30 13:38:14,279 INFO     ___FILE_ONLY___ ═
2025-07-30 13:38:14,279 INFO     ___FILE_ONLY___ ═
2025-07-30 13:38:14,280 INFO     ___FILE_ONLY___ ═
2025-07-30 13:38:14,280 INFO     ___FILE_ONLY___ ═
2025-07-30 13:38:14,280 INFO     ___FILE_ONLY___ ═
2025-07-30 13:38:14,280 INFO     ___FILE_ONLY___ ═
2025-07-30 13:38:14,280 INFO     ___FILE_ONLY___ ═
2025-07-30 13:38:14,280 INFO     ___FILE_ONLY___ ═
2025-07-30 13:38:14,280 INFO     ___FILE_ONLY___ ═
2025-07-30 13:38:14,280 INFO     ___FILE_ONLY___ ═
2025-07-30 13:38:14,280 INFO     ___FILE_ONLY___ ═
2025-07-30 13:38:14,280 INFO     ___FILE_ONLY___ ═
2025-07-30 13:38:14,280 INFO     ___FILE_ONLY___ ═
2025-07-30 13:38:14,280 INFO     ___FILE_ONLY___ ═
2025-07-30 13:38:14,281 INFO     ___FILE_ONLY___ ═
2025-07-30 13:38:14,281 INFO     ___FILE_ONLY___ ═
2025-07-30 13:38:14,281 INFO     ___FILE_ONLY___ ═
2025-07-30 13:38:14,281 INFO     ___FILE_ONLY___ ═
2025-07-30 13:38:14,281 INFO     ___FILE_ONLY___ ═
2025-07-30 13:38:14,281 INFO     ___FILE_ONLY___ ═
2025-07-30 13:38:14,281 INFO     ___FILE_ONLY___ ═
2025-07-30 13:38:14,281 INFO     ___FILE_ONLY___ ═
2025-07-30 13:38:14,281 INFO     ___FILE_ONLY___ ═
2025-07-30 13:38:14,281 INFO     ___FILE_ONLY___ ═
2025-07-30 13:38:14,281 INFO     ___FILE_ONLY___ ═
2025-07-30 13:38:14,281 INFO     ___FILE_ONLY___ ═
2025-07-30 13:38:14,282 INFO     ___FILE_ONLY___ ═
2025-07-30 13:38:14,282 INFO     ___FILE_ONLY___ ═
2025-07-30 13:38:14,282 INFO     ___FILE_ONLY___ ═
2025-07-30 13:38:14,282 INFO     ___FILE_ONLY___ ═
2025-07-30 13:38:14,282 INFO     ___FILE_ONLY___ ═
2025-07-30 13:38:14,282 INFO     ___FILE_ONLY___ ═
2025-07-30 13:38:14,282 INFO     ___FILE_ONLY___ ═
2025-07-30 13:38:14,282 INFO     ___FILE_ONLY___ ═
2025-07-30 13:38:14,282 INFO     ___FILE_ONLY___ ═
2025-07-30 13:38:14,282 INFO     ___FILE_ONLY___ ═
2025-07-30 13:38:14,282 INFO     ___FILE_ONLY___ ═
2025-07-30 13:38:14,282 INFO     ___FILE_ONLY___ ═
2025-07-30 13:38:14,283 INFO     ___FILE_ONLY___ ═
2025-07-30 13:38:14,283 INFO     ___FILE_ONLY___ ═
2025-07-30 13:38:14,283 INFO     ___FILE_ONLY___ ═
2025-07-30 13:38:14,283 INFO     ___FILE_ONLY___ ═
2025-07-30 13:38:14,283 INFO     ___FILE_ONLY___ ═
2025-07-30 13:38:14,283 INFO     ___FILE_ONLY___ ═
2025-07-30 13:38:14,283 INFO     ___FILE_ONLY___ ═
2025-07-30 13:38:14,283 INFO     ___FILE_ONLY___ ═
2025-07-30 13:38:14,283 INFO     ___FILE_ONLY___ ═
2025-07-30 13:38:14,283 INFO     ___FILE_ONLY___ ╝

2025-07-30 13:38:14,285 INFO     ___FILE_ONLY___ ╔════════════════════════════════════════════════════════════╗

2025-07-30 13:38:14,285 INFO     ___FILE_ONLY___ ╠═ Downloading: BigQuery Command Line Tool (Platform Spe... ═╣

2025-07-30 13:38:14,286 INFO     ___FILE_ONLY___ ╚
2025-07-30 13:38:14,290 DEBUG    urllib3.connectionpool Starting new HTTPS connection (1): dl.google.com:443
2025-07-30 13:38:14,529 DEBUG    urllib3.connectionpool https://dl.google.com:443 "GET /dl/cloudsdk/channels/rapid/components/google-cloud-sdk-bq-nix-20250523104322.tar.gz HTTP/11" 200 1935
2025-07-30 13:38:14,530 INFO     ___FILE_ONLY___ ════════════════════════════════════════════════════════════
2025-07-30 13:38:14,530 INFO     ___FILE_ONLY___ ╝

2025-07-30 13:38:14,532 INFO     ___FILE_ONLY___ ╔════════════════════════════════════════════════════════════╗

2025-07-30 13:38:14,532 INFO     ___FILE_ONLY___ ╠═ Downloading: Bundled Python 3.12                         ═╣

2025-07-30 13:38:14,533 INFO     ___FILE_ONLY___ ╚
2025-07-30 13:38:14,533 INFO     ___FILE_ONLY___ ════════════════════════════════════════════════════════════
2025-07-30 13:38:14,533 INFO     ___FILE_ONLY___ ╝

2025-07-30 13:38:14,535 INFO     ___FILE_ONLY___ ╔════════════════════════════════════════════════════════════╗

2025-07-30 13:38:14,535 INFO     ___FILE_ONLY___ ╠═ Downloading: Bundled Python 3.12 (Platform Specific)     ═╣

2025-07-30 13:38:14,535 INFO     ___FILE_ONLY___ ╚
2025-07-30 13:38:14,538 DEBUG    urllib3.connectionpool Starting new HTTPS connection (1): dl.google.com:443
2025-07-30 13:38:14,749 DEBUG    urllib3.connectionpool https://dl.google.com:443 "GET /dl/cloudsdk/channels/rapid/components/google-cloud-sdk-bundled-python3-unix-linux-x86_64-20250502143716.tar.gz HTTP/11" 200 93610468
2025-07-30 13:38:15,067 INFO     ___FILE_ONLY___ ═
2025-07-30 13:38:15,068 INFO     ___FILE_ONLY___ ═
2025-07-30 13:38:15,070 INFO     ___FILE_ONLY___ ═
2025-07-30 13:38:15,072 INFO     ___FILE_ONLY___ ═
2025-07-30 13:38:15,074 INFO     ___FILE_ONLY___ ═
2025-07-30 13:38:15,076 INFO     ___FILE_ONLY___ ═
2025-07-30 13:38:15,077 INFO     ___FILE_ONLY___ ═
2025-07-30 13:38:15,079 INFO     ___FILE_ONLY___ ═
2025-07-30 13:38:15,081 INFO     ___FILE_ONLY___ ═
2025-07-30 13:38:15,082 INFO     ___FILE_ONLY___ ═
2025-07-30 13:38:15,084 INFO     ___FILE_ONLY___ ═
2025-07-30 13:38:15,086 INFO     ___FILE_ONLY___ ═
2025-07-30 13:38:15,087 INFO     ___FILE_ONLY___ ═
2025-07-30 13:38:15,089 INFO     ___FILE_ONLY___ ═
2025-07-30 13:38:15,091 INFO     ___FILE_ONLY___ ═
2025-07-30 13:38:15,092 INFO     ___FILE_ONLY___ ═
2025-07-30 13:38:15,094 INFO     ___FILE_ONLY___ ═
2025-07-30 13:38:15,096 INFO     ___FILE_ONLY___ ═
2025-07-30 13:38:15,097 INFO     ___FILE_ONLY___ ═
2025-07-30 13:38:15,099 INFO     ___FILE_ONLY___ ═
2025-07-30 13:38:15,100 INFO     ___FILE_ONLY___ ═
2025-07-30 13:38:15,102 INFO     ___FILE_ONLY___ ═
2025-07-30 13:38:15,104 INFO     ___FILE_ONLY___ ═
2025-07-30 13:38:15,105 INFO     ___FILE_ONLY___ ═
2025-07-30 13:38:15,107 INFO     ___FILE_ONLY___ ═
2025-07-30 13:38:15,109 INFO     ___FILE_ONLY___ ═
2025-07-30 13:38:15,110 INFO     ___FILE_ONLY___ ═
2025-07-30 13:38:15,112 INFO     ___FILE_ONLY___ ═
2025-07-30 13:38:15,114 INFO     ___FILE_ONLY___ ═
2025-07-30 13:38:15,115 INFO     ___FILE_ONLY___ ═
2025-07-30 13:38:15,117 INFO     ___FILE_ONLY___ ═
2025-07-30 13:38:15,119 INFO     ___FILE_ONLY___ ═
2025-07-30 13:38:15,120 INFO     ___FILE_ONLY___ ═
2025-07-30 13:38:15,122 INFO     ___FILE_ONLY___ ═
2025-07-30 13:38:15,123 INFO     ___FILE_ONLY___ ═
2025-07-30 13:38:15,125 INFO     ___FILE_ONLY___ ═
2025-07-30 13:38:15,127 INFO     ___FILE_ONLY___ ═
2025-07-30 13:38:15,128 INFO     ___FILE_ONLY___ ═
2025-07-30 13:38:15,130 INFO     ___FILE_ONLY___ ═
2025-07-30 13:38:15,132 INFO     ___FILE_ONLY___ ═
2025-07-30 13:38:15,133 INFO     ___FILE_ONLY___ ═
2025-07-30 13:38:15,135 INFO     ___FILE_ONLY___ ═
2025-07-30 13:38:15,137 INFO     ___FILE_ONLY___ ═
2025-07-30 13:38:15,138 INFO     ___FILE_ONLY___ ═
2025-07-30 13:38:15,140 INFO     ___FILE_ONLY___ ═
2025-07-30 13:38:15,141 INFO     ___FILE_ONLY___ ═
2025-07-30 13:38:15,143 INFO     ___FILE_ONLY___ ═
2025-07-30 13:38:15,145 INFO     ___FILE_ONLY___ ═
2025-07-30 13:38:15,147 INFO     ___FILE_ONLY___ ═
2025-07-30 13:38:15,148 INFO     ___FILE_ONLY___ ═
2025-07-30 13:38:15,150 INFO     ___FILE_ONLY___ ═
2025-07-30 13:38:15,151 INFO     ___FILE_ONLY___ ═
2025-07-30 13:38:15,153 INFO     ___FILE_ONLY___ ═
2025-07-30 13:38:15,155 INFO     ___FILE_ONLY___ ═
2025-07-30 13:38:15,156 INFO     ___FILE_ONLY___ ═
2025-07-30 13:38:15,158 INFO     ___FILE_ONLY___ ═
2025-07-30 13:38:15,160 INFO     ___FILE_ONLY___ ═
2025-07-30 13:38:15,161 INFO     ___FILE_ONLY___ ═
2025-07-30 13:38:15,163 INFO     ___FILE_ONLY___ ═
2025-07-30 13:38:15,165 INFO     ___FILE_ONLY___ ═
2025-07-30 13:38:15,165 INFO     ___FILE_ONLY___ ╝

2025-07-30 13:38:15,167 INFO     ___FILE_ONLY___ ╔════════════════════════════════════════════════════════════╗

2025-07-30 13:38:15,167 INFO     ___FILE_ONLY___ ╠═ Downloading: Cloud Storage Command Line Tool             ═╣

2025-07-30 13:38:15,167 INFO     ___FILE_ONLY___ ╚
2025-07-30 13:38:15,170 DEBUG    urllib3.connectionpool Starting new HTTPS connection (1): dl.google.com:443
2025-07-30 13:38:15,378 DEBUG    urllib3.connectionpool https://dl.google.com:443 "GET /dl/cloudsdk/channels/rapid/components/google-cloud-sdk-gsutil-20250627154417.tar.gz HTTP/11" 200 12962791
2025-07-30 13:38:15,422 INFO     ___FILE_ONLY___ ═
2025-07-30 13:38:15,422 INFO     ___FILE_ONLY___ ═
2025-07-30 13:38:15,422 INFO     ___FILE_ONLY___ ═
2025-07-30 13:38:15,423 INFO     ___FILE_ONLY___ ═
2025-07-30 13:38:15,423 INFO     ___FILE_ONLY___ ═
2025-07-30 13:38:15,423 INFO     ___FILE_ONLY___ ═
2025-07-30 13:38:15,424 INFO     ___FILE_ONLY___ ═
2025-07-30 13:38:15,424 INFO     ___FILE_ONLY___ ═
2025-07-30 13:38:15,424 INFO     ___FILE_ONLY___ ═
2025-07-30 13:38:15,425 INFO     ___FILE_ONLY___ ═
2025-07-30 13:38:15,425 INFO     ___FILE_ONLY___ ═
2025-07-30 13:38:15,425 INFO     ___FILE_ONLY___ ═
2025-07-30 13:38:15,426 INFO     ___FILE_ONLY___ ═
2025-07-30 13:38:15,426 INFO     ___FILE_ONLY___ ═
2025-07-30 13:38:15,426 INFO     ___FILE_ONLY___ ═
2025-07-30 13:38:15,427 INFO     ___FILE_ONLY___ ═
2025-07-30 13:38:15,427 INFO     ___FILE_ONLY___ ═
2025-07-30 13:38:15,427 INFO     ___FILE_ONLY___ ═
2025-07-30 13:38:15,428 INFO     ___FILE_ONLY___ ═
2025-07-30 13:38:15,428 INFO     ___FILE_ONLY___ ═
2025-07-30 13:38:15,428 INFO     ___FILE_ONLY___ ═
2025-07-30 13:38:15,429 INFO     ___FILE_ONLY___ ═
2025-07-30 13:38:15,429 INFO     ___FILE_ONLY___ ═
2025-07-30 13:38:15,429 INFO     ___FILE_ONLY___ ═
2025-07-30 13:38:15,429 INFO     ___FILE_ONLY___ ═
2025-07-30 13:38:15,430 INFO     ___FILE_ONLY___ ═
2025-07-30 13:38:15,430 INFO     ___FILE_ONLY___ ═
2025-07-30 13:38:15,430 INFO     ___FILE_ONLY___ ═
2025-07-30 13:38:15,431 INFO     ___FILE_ONLY___ ═
2025-07-30 13:38:15,431 INFO     ___FILE_ONLY___ ═
2025-07-30 13:38:15,431 INFO     ___FILE_ONLY___ ═
2025-07-30 13:38:15,432 INFO     ___FILE_ONLY___ ═
2025-07-30 13:38:15,432 INFO     ___FILE_ONLY___ ═
2025-07-30 13:38:15,432 INFO     ___FILE_ONLY___ ═
2025-07-30 13:38:15,433 INFO     ___FILE_ONLY___ ═
2025-07-30 13:38:15,433 INFO     ___FILE_ONLY___ ═
2025-07-30 13:38:15,433 INFO     ___FILE_ONLY___ ═
2025-07-30 13:38:15,434 INFO     ___FILE_ONLY___ ═
2025-07-30 13:38:15,434 INFO     ___FILE_ONLY___ ═
2025-07-30 13:38:15,434 INFO     ___FILE_ONLY___ ═
2025-07-30 13:38:15,435 INFO     ___FILE_ONLY___ ═
2025-07-30 13:38:15,435 INFO     ___FILE_ONLY___ ═
2025-07-30 13:38:15,435 INFO     ___FILE_ONLY___ ═
2025-07-30 13:38:15,436 INFO     ___FILE_ONLY___ ═
2025-07-30 13:38:15,436 INFO     ___FILE_ONLY___ ═
2025-07-30 13:38:15,436 INFO     ___FILE_ONLY___ ═
2025-07-30 13:38:15,436 INFO     ___FILE_ONLY___ ═
2025-07-30 13:38:15,437 INFO     ___FILE_ONLY___ ═
2025-07-30 13:38:15,437 INFO     ___FILE_ONLY___ ═
2025-07-30 13:38:15,437 INFO     ___FILE_ONLY___ ═
2025-07-30 13:38:15,438 INFO     ___FILE_ONLY___ ═
2025-07-30 13:38:15,438 INFO     ___FILE_ONLY___ ═
2025-07-30 13:38:15,438 INFO     ___FILE_ONLY___ ═
2025-07-30 13:38:15,439 INFO     ___FILE_ONLY___ ═
2025-07-30 13:38:15,439 INFO     ___FILE_ONLY___ ═
2025-07-30 13:38:15,439 INFO     ___FILE_ONLY___ ═
2025-07-30 13:38:15,440 INFO     ___FILE_ONLY___ ═
2025-07-30 13:38:15,440 INFO     ___FILE_ONLY___ ═
2025-07-30 13:38:15,440 INFO     ___FILE_ONLY___ ═
2025-07-30 13:38:15,441 INFO     ___FILE_ONLY___ ═
2025-07-30 13:38:15,441 INFO     ___FILE_ONLY___ ╝

2025-07-30 13:38:15,443 INFO     ___FILE_ONLY___ ╔════════════════════════════════════════════════════════════╗

2025-07-30 13:38:15,443 INFO     ___FILE_ONLY___ ╠═ Downloading: Cloud Storage Command Line Tool (Platfor... ═╣

2025-07-30 13:38:15,443 INFO     ___FILE_ONLY___ ╚
2025-07-30 13:38:15,446 DEBUG    urllib3.connectionpool Starting new HTTPS connection (1): dl.google.com:443
2025-07-30 13:38:15,651 DEBUG    urllib3.connectionpool https://dl.google.com:443 "GET /dl/cloudsdk/channels/rapid/components/google-cloud-sdk-gsutil-nix-20250523104322.tar.gz HTTP/11" 200 1950
2025-07-30 13:38:15,652 INFO     ___FILE_ONLY___ ════════════════════════════════════════════════════════════
2025-07-30 13:38:15,652 INFO     ___FILE_ONLY___ ╝

2025-07-30 13:38:15,654 INFO     ___FILE_ONLY___ ╔════════════════════════════════════════════════════════════╗

2025-07-30 13:38:15,654 INFO     ___FILE_ONLY___ ╠═ Downloading: Default set of gcloud commands              ═╣

2025-07-30 13:38:15,654 INFO     ___FILE_ONLY___ ╚
2025-07-30 13:38:15,654 INFO     ___FILE_ONLY___ ════════════════════════════════════════════════════════════
2025-07-30 13:38:15,654 INFO     ___FILE_ONLY___ ╝

2025-07-30 13:38:15,656 INFO     ___FILE_ONLY___ ╔════════════════════════════════════════════════════════════╗

2025-07-30 13:38:15,656 INFO     ___FILE_ONLY___ ╠═ Downloading: Google Cloud CLI Core Libraries (Platfor... ═╣

2025-07-30 13:38:15,656 INFO     ___FILE_ONLY___ ╚
2025-07-30 13:38:15,660 DEBUG    urllib3.connectionpool Starting new HTTPS connection (1): dl.google.com:443
2025-07-30 13:38:15,869 DEBUG    urllib3.connectionpool https://dl.google.com:443 "GET /dl/cloudsdk/channels/rapid/components/google-cloud-sdk-core-nix-20250523104322.tar.gz HTTP/11" 200 2325
2025-07-30 13:38:15,870 INFO     ___FILE_ONLY___ ════════════════════════════════════════════════════════════
2025-07-30 13:38:15,870 INFO     ___FILE_ONLY___ ╝

2025-07-30 13:38:15,872 INFO     ___FILE_ONLY___ ╔════════════════════════════════════════════════════════════╗

2025-07-30 13:38:15,872 INFO     ___FILE_ONLY___ ╠═ Downloading: Google Cloud CRC32C Hash Tool               ═╣

2025-07-30 13:38:15,872 INFO     ___FILE_ONLY___ ╚
2025-07-30 13:38:15,872 INFO     ___FILE_ONLY___ ════════════════════════════════════════════════════════════
2025-07-30 13:38:15,872 INFO     ___FILE_ONLY___ ╝

2025-07-30 13:38:15,874 INFO     ___FILE_ONLY___ ╔════════════════════════════════════════════════════════════╗

2025-07-30 13:38:15,874 INFO     ___FILE_ONLY___ ╠═ Downloading: Google Cloud CRC32C Hash Tool (Platform ... ═╣

2025-07-30 13:38:15,874 INFO     ___FILE_ONLY___ ╚
2025-07-30 13:38:15,877 DEBUG    urllib3.connectionpool Starting new HTTPS connection (1): dl.google.com:443
2025-07-30 13:38:16,121 DEBUG    urllib3.connectionpool https://dl.google.com:443 "GET /dl/cloudsdk/channels/rapid/components/google-cloud-sdk-gcloud-crc32c-linux-x86_64-20250613150750.tar.gz HTTP/11" 200 1525557
2025-07-30 13:38:16,131 INFO     ___FILE_ONLY___ ═
2025-07-30 13:38:16,131 INFO     ___FILE_ONLY___ ═
2025-07-30 13:38:16,131 INFO     ___FILE_ONLY___ ═
2025-07-30 13:38:16,131 INFO     ___FILE_ONLY___ ═
2025-07-30 13:38:16,131 INFO     ___FILE_ONLY___ ═
2025-07-30 13:38:16,131 INFO     ___FILE_ONLY___ ═
2025-07-30 13:38:16,132 INFO     ___FILE_ONLY___ ═
2025-07-30 13:38:16,132 INFO     ___FILE_ONLY___ ═
2025-07-30 13:38:16,132 INFO     ___FILE_ONLY___ ═
2025-07-30 13:38:16,132 INFO     ___FILE_ONLY___ ═
2025-07-30 13:38:16,132 INFO     ___FILE_ONLY___ ═
2025-07-30 13:38:16,132 INFO     ___FILE_ONLY___ ═
2025-07-30 13:38:16,132 INFO     ___FILE_ONLY___ ═
2025-07-30 13:38:16,132 INFO     ___FILE_ONLY___ ═
2025-07-30 13:38:16,132 INFO     ___FILE_ONLY___ ═
2025-07-30 13:38:16,132 INFO     ___FILE_ONLY___ ═
2025-07-30 13:38:16,132 INFO     ___FILE_ONLY___ ═
2025-07-30 13:38:16,132 INFO     ___FILE_ONLY___ ═
2025-07-30 13:38:16,132 INFO     ___FILE_ONLY___ ═
2025-07-30 13:38:16,133 INFO     ___FILE_ONLY___ ═
2025-07-30 13:38:16,133 INFO     ___FILE_ONLY___ ═
2025-07-30 13:38:16,133 INFO     ___FILE_ONLY___ ═
2025-07-30 13:38:16,133 INFO     ___FILE_ONLY___ ═
2025-07-30 13:38:16,133 INFO     ___FILE_ONLY___ ═
2025-07-30 13:38:16,133 INFO     ___FILE_ONLY___ ═
2025-07-30 13:38:16,133 INFO     ___FILE_ONLY___ ═
2025-07-30 13:38:16,133 INFO     ___FILE_ONLY___ ═
2025-07-30 13:38:16,133 INFO     ___FILE_ONLY___ ═
2025-07-30 13:38:16,133 INFO     ___FILE_ONLY___ ═
2025-07-30 13:38:16,133 INFO     ___FILE_ONLY___ ═
2025-07-30 13:38:16,133 INFO     ___FILE_ONLY___ ═
2025-07-30 13:38:16,133 INFO     ___FILE_ONLY___ ═
2025-07-30 13:38:16,134 INFO     ___FILE_ONLY___ ═
2025-07-30 13:38:16,134 INFO     ___FILE_ONLY___ ═
2025-07-30 13:38:16,134 INFO     ___FILE_ONLY___ ═
2025-07-30 13:38:16,134 INFO     ___FILE_ONLY___ ═
2025-07-30 13:38:16,134 INFO     ___FILE_ONLY___ ═
2025-07-30 13:38:16,134 INFO     ___FILE_ONLY___ ═
2025-07-30 13:38:16,134 INFO     ___FILE_ONLY___ ═
2025-07-30 13:38:16,134 INFO     ___FILE_ONLY___ ═
2025-07-30 13:38:16,134 INFO     ___FILE_ONLY___ ═
2025-07-30 13:38:16,134 INFO     ___FILE_ONLY___ ═
2025-07-30 13:38:16,134 INFO     ___FILE_ONLY___ ═
2025-07-30 13:38:16,134 INFO     ___FILE_ONLY___ ═
2025-07-30 13:38:16,134 INFO     ___FILE_ONLY___ ═
2025-07-30 13:38:16,135 INFO     ___FILE_ONLY___ ═
2025-07-30 13:38:16,135 INFO     ___FILE_ONLY___ ═
2025-07-30 13:38:16,135 INFO     ___FILE_ONLY___ ═
2025-07-30 13:38:16,135 INFO     ___FILE_ONLY___ ═
2025-07-30 13:38:16,135 INFO     ___FILE_ONLY___ ═
2025-07-30 13:38:16,135 INFO     ___FILE_ONLY___ ═
2025-07-30 13:38:16,135 INFO     ___FILE_ONLY___ ═
2025-07-30 13:38:16,135 INFO     ___FILE_ONLY___ ═
2025-07-30 13:38:16,135 INFO     ___FILE_ONLY___ ═
2025-07-30 13:38:16,135 INFO     ___FILE_ONLY___ ═
2025-07-30 13:38:16,135 INFO     ___FILE_ONLY___ ═
2025-07-30 13:38:16,135 INFO     ___FILE_ONLY___ ═
2025-07-30 13:38:16,135 INFO     ___FILE_ONLY___ ═
2025-07-30 13:38:16,136 INFO     ___FILE_ONLY___ ═
2025-07-30 13:38:16,136 INFO     ___FILE_ONLY___ ═
2025-07-30 13:38:16,136 INFO     ___FILE_ONLY___ ╝

2025-07-30 13:38:16,138 INFO     ___FILE_ONLY___ ╔════════════════════════════════════════════════════════════╗

2025-07-30 13:38:16,138 INFO     ___FILE_ONLY___ ╠═ Downloading: gcloud cli dependencies (Platform Specific) ═╣

2025-07-30 13:38:16,138 INFO     ___FILE_ONLY___ ╚
2025-07-30 13:38:16,141 DEBUG    urllib3.connectionpool Starting new HTTPS connection (1): dl.google.com:443
2025-07-30 13:38:16,387 DEBUG    urllib3.connectionpool https://dl.google.com:443 "GET /dl/cloudsdk/channels/rapid/components/google-cloud-sdk-gcloud-deps-linux-x86_64-20210416153011.tar.gz HTTP/11" 200 104
2025-07-30 13:38:16,387 INFO     ___FILE_ONLY___ ════════════════════════════════════════════════════════════
2025-07-30 13:38:16,387 INFO     ___FILE_ONLY___ ╝

2025-07-30 13:38:16,389 INFO     ___FILE_ONLY___ ╔════════════════════════════════════════════════════════════╗

2025-07-30 13:38:16,389 INFO     ___FILE_ONLY___ ╠═ Installing: BigQuery Command Line Tool                   ═╣

2025-07-30 13:38:16,389 INFO     ___FILE_ONLY___ ╚
2025-07-30 13:38:16,483 INFO     ___FILE_ONLY___ ═
2025-07-30 13:38:16,485 INFO     ___FILE_ONLY___ ═
2025-07-30 13:38:16,488 INFO     ___FILE_ONLY___ ═
2025-07-30 13:38:16,490 INFO     ___FILE_ONLY___ ═
2025-07-30 13:38:16,492 INFO     ___FILE_ONLY___ ═
2025-07-30 13:38:16,494 INFO     ___FILE_ONLY___ ═
2025-07-30 13:38:16,497 INFO     ___FILE_ONLY___ ═
2025-07-30 13:38:16,498 INFO     ___FILE_ONLY___ ═
2025-07-30 13:38:16,500 INFO     ___FILE_ONLY___ ═
2025-07-30 13:38:16,503 INFO     ___FILE_ONLY___ ═
2025-07-30 13:38:16,505 INFO     ___FILE_ONLY___ ═
2025-07-30 13:38:16,507 INFO     ___FILE_ONLY___ ═
2025-07-30 13:38:16,509 INFO     ___FILE_ONLY___ ═
2025-07-30 13:38:16,511 INFO     ___FILE_ONLY___ ═
2025-07-30 13:38:16,512 INFO     ___FILE_ONLY___ ═
2025-07-30 13:38:16,515 INFO     ___FILE_ONLY___ ═
2025-07-30 13:38:16,517 INFO     ___FILE_ONLY___ ═
2025-07-30 13:38:16,519 INFO     ___FILE_ONLY___ ═
2025-07-30 13:38:16,521 INFO     ___FILE_ONLY___ ═
2025-07-30 13:38:16,524 INFO     ___FILE_ONLY___ ═
2025-07-30 13:38:16,527 INFO     ___FILE_ONLY___ ═
2025-07-30 13:38:16,529 INFO     ___FILE_ONLY___ ═
2025-07-30 13:38:16,531 INFO     ___FILE_ONLY___ ═
2025-07-30 13:38:16,533 INFO     ___FILE_ONLY___ ═
2025-07-30 13:38:16,534 INFO     ___FILE_ONLY___ ═
2025-07-30 13:38:16,536 INFO     ___FILE_ONLY___ ═
2025-07-30 13:38:16,538 INFO     ___FILE_ONLY___ ═
2025-07-30 13:38:16,540 INFO     ___FILE_ONLY___ ═
2025-07-30 13:38:16,542 INFO     ___FILE_ONLY___ ═
2025-07-30 13:38:16,546 INFO     ___FILE_ONLY___ ═
2025-07-30 13:38:16,547 INFO     ___FILE_ONLY___ ═
2025-07-30 13:38:16,549 INFO     ___FILE_ONLY___ ═
2025-07-30 13:38:16,551 INFO     ___FILE_ONLY___ ═
2025-07-30 13:38:16,555 INFO     ___FILE_ONLY___ ═
2025-07-30 13:38:16,557 INFO     ___FILE_ONLY___ ═
2025-07-30 13:38:16,564 INFO     ___FILE_ONLY___ ═
2025-07-30 13:38:16,569 INFO     ___FILE_ONLY___ ═
2025-07-30 13:38:16,573 INFO     ___FILE_ONLY___ ═
2025-07-30 13:38:16,575 INFO     ___FILE_ONLY___ ═
2025-07-30 13:38:16,577 INFO     ___FILE_ONLY___ ═
2025-07-30 13:38:16,579 INFO     ___FILE_ONLY___ ═
2025-07-30 13:38:16,581 INFO     ___FILE_ONLY___ ═
2025-07-30 13:38:16,585 INFO     ___FILE_ONLY___ ═
2025-07-30 13:38:16,588 INFO     ___FILE_ONLY___ ═
2025-07-30 13:38:16,590 INFO     ___FILE_ONLY___ ═
2025-07-30 13:38:16,592 INFO     ___FILE_ONLY___ ═
2025-07-30 13:38:16,594 INFO     ___FILE_ONLY___ ═
2025-07-30 13:38:16,596 INFO     ___FILE_ONLY___ ═
2025-07-30 13:38:16,598 INFO     ___FILE_ONLY___ ═
2025-07-30 13:38:16,600 INFO     ___FILE_ONLY___ ═
2025-07-30 13:38:16,602 INFO     ___FILE_ONLY___ ═
2025-07-30 13:38:16,604 INFO     ___FILE_ONLY___ ═
2025-07-30 13:38:16,606 INFO     ___FILE_ONLY___ ═
2025-07-30 13:38:16,609 INFO     ___FILE_ONLY___ ═
2025-07-30 13:38:16,610 INFO     ___FILE_ONLY___ ═
2025-07-30 13:38:16,612 INFO     ___FILE_ONLY___ ═
2025-07-30 13:38:16,615 INFO     ___FILE_ONLY___ ═
2025-07-30 13:38:16,616 INFO     ___FILE_ONLY___ ═
2025-07-30 13:38:16,618 INFO     ___FILE_ONLY___ ═
2025-07-30 13:38:16,620 INFO     ___FILE_ONLY___ ═
2025-07-30 13:38:16,620 INFO     ___FILE_ONLY___ ╝

2025-07-30 13:38:16,628 INFO     ___FILE_ONLY___ ╔════════════════════════════════════════════════════════════╗

2025-07-30 13:38:16,628 INFO     ___FILE_ONLY___ ╠═ Installing: BigQuery Command Line Tool (Platform Spec... ═╣

2025-07-30 13:38:16,628 INFO     ___FILE_ONLY___ ╚
2025-07-30 13:38:16,629 INFO     ___FILE_ONLY___ ════════════════════════════════════════════════════════════
2025-07-30 13:38:16,629 INFO     ___FILE_ONLY___ ╝

2025-07-30 13:38:16,635 INFO     ___FILE_ONLY___ ╔════════════════════════════════════════════════════════════╗

2025-07-30 13:38:16,635 INFO     ___FILE_ONLY___ ╠═ Installing: Bundled Python 3.12                          ═╣

2025-07-30 13:38:16,635 INFO     ___FILE_ONLY___ ╚
2025-07-30 13:38:16,637 INFO     ___FILE_ONLY___ ════════════════════════════════════════════════════════════
2025-07-30 13:38:16,637 INFO     ___FILE_ONLY___ ╝

2025-07-30 13:38:16,639 INFO     ___FILE_ONLY___ ╔════════════════════════════════════════════════════════════╗

2025-07-30 13:38:16,639 INFO     ___FILE_ONLY___ ╠═ Installing: Bundled Python 3.12 (Platform Specific)      ═╣

2025-07-30 13:38:16,639 INFO     ___FILE_ONLY___ ╚
2025-07-30 13:38:18,848 INFO     ___FILE_ONLY___ ═
2025-07-30 13:38:18,859 INFO     ___FILE_ONLY___ ═
2025-07-30 13:38:18,870 INFO     ___FILE_ONLY___ ═
2025-07-30 13:38:18,881 INFO     ___FILE_ONLY___ ═
2025-07-30 13:38:18,893 INFO     ___FILE_ONLY___ ═
2025-07-30 13:38:18,904 INFO     ___FILE_ONLY___ ═
2025-07-30 13:38:18,916 INFO     ___FILE_ONLY___ ═
2025-07-30 13:38:18,928 INFO     ___FILE_ONLY___ ═
2025-07-30 13:38:18,939 INFO     ___FILE_ONLY___ ═
2025-07-30 13:38:18,950 INFO     ___FILE_ONLY___ ═
2025-07-30 13:38:18,961 INFO     ___FILE_ONLY___ ═
2025-07-30 13:38:18,973 INFO     ___FILE_ONLY___ ═
2025-07-30 13:38:18,984 INFO     ___FILE_ONLY___ ═
2025-07-30 13:38:18,995 INFO     ___FILE_ONLY___ ═
2025-07-30 13:38:19,007 INFO     ___FILE_ONLY___ ═
2025-07-30 13:38:19,018 INFO     ___FILE_ONLY___ ═
2025-07-30 13:38:19,029 INFO     ___FILE_ONLY___ ═
2025-07-30 13:38:19,041 INFO     ___FILE_ONLY___ ═
2025-07-30 13:38:19,053 INFO     ___FILE_ONLY___ ═
2025-07-30 13:38:19,064 INFO     ___FILE_ONLY___ ═
2025-07-30 13:38:19,076 INFO     ___FILE_ONLY___ ═
2025-07-30 13:38:19,088 INFO     ___FILE_ONLY___ ═
2025-07-30 13:38:19,099 INFO     ___FILE_ONLY___ ═
2025-07-30 13:38:19,110 INFO     ___FILE_ONLY___ ═
2025-07-30 13:38:19,122 INFO     ___FILE_ONLY___ ═
2025-07-30 13:38:19,133 INFO     ___FILE_ONLY___ ═
2025-07-30 13:38:19,144 INFO     ___FILE_ONLY___ ═
2025-07-30 13:38:19,156 INFO     ___FILE_ONLY___ ═
2025-07-30 13:38:19,167 INFO     ___FILE_ONLY___ ═
2025-07-30 13:38:19,179 INFO     ___FILE_ONLY___ ═
2025-07-30 13:38:19,190 INFO     ___FILE_ONLY___ ═
2025-07-30 13:38:19,202 INFO     ___FILE_ONLY___ ═
2025-07-30 13:38:19,213 INFO     ___FILE_ONLY___ ═
2025-07-30 13:38:19,226 INFO     ___FILE_ONLY___ ═
2025-07-30 13:38:19,241 INFO     ___FILE_ONLY___ ═
2025-07-30 13:38:19,255 INFO     ___FILE_ONLY___ ═
2025-07-30 13:38:20,107 INFO     ___FILE_ONLY___ ═
2025-07-30 13:38:20,130 INFO     ___FILE_ONLY___ ═
2025-07-30 13:38:20,619 INFO     ___FILE_ONLY___ ═
2025-07-30 13:38:20,636 INFO     ___FILE_ONLY___ ═
2025-07-30 13:38:20,657 INFO     ___FILE_ONLY___ ═
2025-07-30 13:38:20,681 INFO     ___FILE_ONLY___ ═
2025-07-30 13:38:20,699 INFO     ___FILE_ONLY___ ═
2025-07-30 13:38:20,725 INFO     ___FILE_ONLY___ ═
2025-07-30 13:38:20,744 INFO     ___FILE_ONLY___ ═
2025-07-30 13:38:20,763 INFO     ___FILE_ONLY___ ═
2025-07-30 13:38:20,779 INFO     ___FILE_ONLY___ ═
2025-07-30 13:38:20,795 INFO     ___FILE_ONLY___ ═
2025-07-30 13:38:20,882 INFO     ___FILE_ONLY___ ═
2025-07-30 13:38:20,899 INFO     ___FILE_ONLY___ ═
2025-07-30 13:38:21,036 INFO     ___FILE_ONLY___ ═
2025-07-30 13:38:21,052 INFO     ___FILE_ONLY___ ═
2025-07-30 13:38:21,068 INFO     ___FILE_ONLY___ ═
2025-07-30 13:38:21,084 INFO     ___FILE_ONLY___ ═
2025-07-30 13:38:21,098 INFO     ___FILE_ONLY___ ═
2025-07-30 13:38:21,115 INFO     ___FILE_ONLY___ ═
2025-07-30 13:38:21,131 INFO     ___FILE_ONLY___ ═
2025-07-30 13:38:21,146 INFO     ___FILE_ONLY___ ═
2025-07-30 13:38:21,173 INFO     ___FILE_ONLY___ ═
2025-07-30 13:38:21,650 INFO     ___FILE_ONLY___ ═
2025-07-30 13:38:21,650 INFO     ___FILE_ONLY___ ╝

2025-07-30 13:38:21,703 INFO     ___FILE_ONLY___ ╔════════════════════════════════════════════════════════════╗

2025-07-30 13:38:21,703 INFO     ___FILE_ONLY___ ╠═ Installing: Cloud Storage Command Line Tool              ═╣

2025-07-30 13:38:21,703 INFO     ___FILE_ONLY___ ╚
2025-07-30 13:38:22,249 INFO     ___FILE_ONLY___ ═
2025-07-30 13:38:22,260 INFO     ___FILE_ONLY___ ═
2025-07-30 13:38:22,271 INFO     ___FILE_ONLY___ ═
2025-07-30 13:38:22,281 INFO     ___FILE_ONLY___ ═
2025-07-30 13:38:22,290 INFO     ___FILE_ONLY___ ═
2025-07-30 13:38:22,324 INFO     ___FILE_ONLY___ ═
2025-07-30 13:38:22,337 INFO     ___FILE_ONLY___ ═
2025-07-30 13:38:22,352 INFO     ___FILE_ONLY___ ═
2025-07-30 13:38:22,366 INFO     ___FILE_ONLY___ ═
2025-07-30 13:38:22,380 INFO     ___FILE_ONLY___ ═
2025-07-30 13:38:22,397 INFO     ___FILE_ONLY___ ═
2025-07-30 13:38:22,408 INFO     ___FILE_ONLY___ ═
2025-07-30 13:38:22,419 INFO     ___FILE_ONLY___ ═
2025-07-30 13:38:22,427 INFO     ___FILE_ONLY___ ═
2025-07-30 13:38:22,436 INFO     ___FILE_ONLY___ ═
2025-07-30 13:38:22,452 INFO     ___FILE_ONLY___ ═
2025-07-30 13:38:22,465 INFO     ___FILE_ONLY___ ═
2025-07-30 13:38:22,473 INFO     ___FILE_ONLY___ ═
2025-07-30 13:38:22,484 INFO     ___FILE_ONLY___ ═
2025-07-30 13:38:22,495 INFO     ___FILE_ONLY___ ═
2025-07-30 13:38:22,504 INFO     ___FILE_ONLY___ ═
2025-07-30 13:38:22,516 INFO     ___FILE_ONLY___ ═
2025-07-30 13:38:22,526 INFO     ___FILE_ONLY___ ═
2025-07-30 13:38:22,536 INFO     ___FILE_ONLY___ ═
2025-07-30 13:38:22,545 INFO     ___FILE_ONLY___ ═
2025-07-30 13:38:22,555 INFO     ___FILE_ONLY___ ═
2025-07-30 13:38:22,565 INFO     ___FILE_ONLY___ ═
2025-07-30 13:38:22,578 INFO     ___FILE_ONLY___ ═
2025-07-30 13:38:22,593 INFO     ___FILE_ONLY___ ═
2025-07-30 13:38:22,605 INFO     ___FILE_ONLY___ ═
2025-07-30 13:38:22,616 INFO     ___FILE_ONLY___ ═
2025-07-30 13:38:22,637 INFO     ___FILE_ONLY___ ═
2025-07-30 13:38:22,652 INFO     ___FILE_ONLY___ ═
2025-07-30 13:38:22,670 INFO     ___FILE_ONLY___ ═
2025-07-30 13:38:22,683 INFO     ___FILE_ONLY___ ═
2025-07-30 13:38:22,700 INFO     ___FILE_ONLY___ ═
2025-07-30 13:38:22,708 INFO     ___FILE_ONLY___ ═
2025-07-30 13:38:22,719 INFO     ___FILE_ONLY___ ═
2025-07-30 13:38:22,752 INFO     ___FILE_ONLY___ ═
2025-07-30 13:38:22,766 INFO     ___FILE_ONLY___ ═
2025-07-30 13:38:22,777 INFO     ___FILE_ONLY___ ═
2025-07-30 13:38:22,786 INFO     ___FILE_ONLY___ ═
2025-07-30 13:38:22,796 INFO     ___FILE_ONLY___ ═
2025-07-30 13:38:22,806 INFO     ___FILE_ONLY___ ═
2025-07-30 13:38:22,816 INFO     ___FILE_ONLY___ ═
2025-07-30 13:38:22,825 INFO     ___FILE_ONLY___ ═
2025-07-30 13:38:22,834 INFO     ___FILE_ONLY___ ═
2025-07-30 13:38:22,843 INFO     ___FILE_ONLY___ ═
2025-07-30 13:38:22,852 INFO     ___FILE_ONLY___ ═
2025-07-30 13:38:22,864 INFO     ___FILE_ONLY___ ═
2025-07-30 13:38:22,878 INFO     ___FILE_ONLY___ ═
2025-07-30 13:38:22,890 INFO     ___FILE_ONLY___ ═
2025-07-30 13:38:22,903 INFO     ___FILE_ONLY___ ═
2025-07-30 13:38:22,916 INFO     ___FILE_ONLY___ ═
2025-07-30 13:38:22,928 INFO     ___FILE_ONLY___ ═
2025-07-30 13:38:22,942 INFO     ___FILE_ONLY___ ═
2025-07-30 13:38:22,958 INFO     ___FILE_ONLY___ ═
2025-07-30 13:38:22,978 INFO     ___FILE_ONLY___ ═
2025-07-30 13:38:22,994 INFO     ___FILE_ONLY___ ═
2025-07-30 13:38:23,011 INFO     ___FILE_ONLY___ ═
2025-07-30 13:38:23,011 INFO     ___FILE_ONLY___ ╝

2025-07-30 13:38:23,042 INFO     ___FILE_ONLY___ ╔════════════════════════════════════════════════════════════╗

2025-07-30 13:38:23,042 INFO     ___FILE_ONLY___ ╠═ Installing: Cloud Storage Command Line Tool (Platform... ═╣

2025-07-30 13:38:23,042 INFO     ___FILE_ONLY___ ╚
2025-07-30 13:38:23,043 INFO     ___FILE_ONLY___ ════════════════════════════════════════════════════════════
2025-07-30 13:38:23,043 INFO     ___FILE_ONLY___ ╝

2025-07-30 13:38:23,047 INFO     ___FILE_ONLY___ ╔════════════════════════════════════════════════════════════╗

2025-07-30 13:38:23,047 INFO     ___FILE_ONLY___ ╠═ Installing: Default set of gcloud commands               ═╣

2025-07-30 13:38:23,047 INFO     ___FILE_ONLY___ ╚
2025-07-30 13:38:23,050 INFO     ___FILE_ONLY___ ════════════════════════════════════════════════════════════
2025-07-30 13:38:23,050 INFO     ___FILE_ONLY___ ╝

2025-07-30 13:38:23,052 INFO     ___FILE_ONLY___ ╔════════════════════════════════════════════════════════════╗

2025-07-30 13:38:23,052 INFO     ___FILE_ONLY___ ╠═ Installing: Google Cloud CLI Core Libraries (Platform... ═╣

2025-07-30 13:38:23,052 INFO     ___FILE_ONLY___ ╚
2025-07-30 13:38:23,053 INFO     ___FILE_ONLY___ ══════════════════════════════
2025-07-30 13:38:23,053 INFO     ___FILE_ONLY___ ══════════════════════════════
2025-07-30 13:38:23,053 INFO     ___FILE_ONLY___ ╝

2025-07-30 13:38:23,058 INFO     ___FILE_ONLY___ ╔════════════════════════════════════════════════════════════╗

2025-07-30 13:38:23,058 INFO     ___FILE_ONLY___ ╠═ Installing: Google Cloud CRC32C Hash Tool                ═╣

2025-07-30 13:38:23,058 INFO     ___FILE_ONLY___ ╚
2025-07-30 13:38:23,060 INFO     ___FILE_ONLY___ ════════════════════════════════════════════════════════════
2025-07-30 13:38:23,061 INFO     ___FILE_ONLY___ ╝

2025-07-30 13:38:23,062 INFO     ___FILE_ONLY___ ╔════════════════════════════════════════════════════════════╗

2025-07-30 13:38:23,062 INFO     ___FILE_ONLY___ ╠═ Installing: Google Cloud CRC32C Hash Tool (Platform S... ═╣

2025-07-30 13:38:23,062 INFO     ___FILE_ONLY___ ╚
2025-07-30 13:38:23,101 INFO     ___FILE_ONLY___ ══════════════════════════════
2025-07-30 13:38:23,102 INFO     ___FILE_ONLY___ ══════════════════════════════
2025-07-30 13:38:23,102 INFO     ___FILE_ONLY___ ╝

2025-07-30 13:38:23,107 INFO     ___FILE_ONLY___ ╔════════════════════════════════════════════════════════════╗

2025-07-30 13:38:23,107 INFO     ___FILE_ONLY___ ╠═ Installing: gcloud cli dependencies (Platform Specific)  ═╣

2025-07-30 13:38:23,107 INFO     ___FILE_ONLY___ ╚
2025-07-30 13:38:23,107 INFO     ___FILE_ONLY___ ════════════════════════════════════════════════════════════
2025-07-30 13:38:23,107 INFO     ___FILE_ONLY___ ╝

2025-07-30 13:38:23,112 DEBUG    root            Updating notification cache...
2025-07-30 13:38:23,113 INFO     ___FILE_ONLY___ 

2025-07-30 13:38:23,115 INFO     ___FILE_ONLY___ Performing post processing steps...
2025-07-30 13:38:23,115 DEBUG    root            Executing command: ['/tools/google-cloud-sdk/bin/gcloud', 'components', 'post-process']
2025-07-30 13:38:31,673 DEBUG    ___FILE_ONLY___ 
2025-07-30 13:38:31,673 DEBUG    ___FILE_ONLY___ 
2025-07-30 13:38:31,930 INFO     root            descriptor_list: [{'universeDomain': 'googleapis.com', 'universeShortName': '', 'authenticationDomain': 'auth.cloud.google.com', 'projectPrefix': '', 'cloudWebDomain': 'cloud.google.com', 'documentationDomain': 'cloud.google.com', 'version': '1.0.0', 'state': 'primary', 'artifactRegistryDomain': 'pkg.dev'}]
2025-07-30 13:38:31,930 INFO     ___FILE_ONLY___ 
Update done!


2025-07-30 13:38:31,933 DEBUG    root            Chosen display Format:none
2025-07-30 13:38:31,933 INFO     root            Display format: "none"
